  Main.cpp
C:\Program Files (x86)\Microsoft Visual Studio\2019\Community\VC\Tools\MSVC\14.23.28105\include\xmemory(758,82): error C2558: class 'Vector4D': no copy constructor available or copy constructor is declared 'explicit'
C:\Program Files (x86)\Microsoft Visual Studio\2019\Community\VC\Tools\MSVC\14.23.28105\include\xmemory(1580): message : see reference to function template instantiation 'void std::_Default_allocator_traits<_Alloc>::construct<_Ty,_Ty>(_Alloc &,_Objty *const ,_Ty &&)' being compiled
C:\Program Files (x86)\Microsoft Visual Studio\2019\Community\VC\Tools\MSVC\14.23.28105\include\xmemory(1580): message :         with
C:\Program Files (x86)\Microsoft Visual Studio\2019\Community\VC\Tools\MSVC\14.23.28105\include\xmemory(1580): message :         [
C:\Program Files (x86)\Microsoft Visual Studio\2019\Community\VC\Tools\MSVC\14.23.28105\include\xmemory(1580): message :             _Alloc=std::allocator<Vector4D>,
C:\Program Files (x86)\Microsoft Visual Studio\2019\Community\VC\Tools\MSVC\14.23.28105\include\xmemory(1580): message :             _Ty=Vector4D,
C:\Program Files (x86)\Microsoft Visual Studio\2019\Community\VC\Tools\MSVC\14.23.28105\include\xmemory(1580): message :             _Objty=Vector4D
C:\Program Files (x86)\Microsoft Visual Studio\2019\Community\VC\Tools\MSVC\14.23.28105\include\xmemory(1580): message :         ]
C:\Program Files (x86)\Microsoft Visual Studio\2019\Community\VC\Tools\MSVC\14.23.28105\include\xmemory(1581): message : see reference to function template instantiation 'void std::_Default_allocator_traits<_Alloc>::construct<_Ty,_Ty>(_Alloc &,_Objty *const ,_Ty &&)' being compiled
C:\Program Files (x86)\Microsoft Visual Studio\2019\Community\VC\Tools\MSVC\14.23.28105\include\xmemory(1581): message :         with
C:\Program Files (x86)\Microsoft Visual Studio\2019\Community\VC\Tools\MSVC\14.23.28105\include\xmemory(1581): message :         [
C:\Program Files (x86)\Microsoft Visual Studio\2019\Community\VC\Tools\MSVC\14.23.28105\include\xmemory(1581): message :             _Alloc=std::allocator<Vector4D>,
C:\Program Files (x86)\Microsoft Visual Studio\2019\Community\VC\Tools\MSVC\14.23.28105\include\xmemory(1581): message :             _Ty=Vector4D,
C:\Program Files (x86)\Microsoft Visual Studio\2019\Community\VC\Tools\MSVC\14.23.28105\include\xmemory(1581): message :             _Objty=Vector4D
C:\Program Files (x86)\Microsoft Visual Studio\2019\Community\VC\Tools\MSVC\14.23.28105\include\xmemory(1581): message :         ]
C:\Program Files (x86)\Microsoft Visual Studio\2019\Community\VC\Tools\MSVC\14.23.28105\include\xmemory(1743): message : see reference to function template instantiation 'void std::_Uninitialized_backout_al<_Alloc>::_Emplace_back<Vector4D>(Vector4D &&)' being compiled
C:\Program Files (x86)\Microsoft Visual Studio\2019\Community\VC\Tools\MSVC\14.23.28105\include\xmemory(1743): message :         with
C:\Program Files (x86)\Microsoft Visual Studio\2019\Community\VC\Tools\MSVC\14.23.28105\include\xmemory(1743): message :         [
C:\Program Files (x86)\Microsoft Visual Studio\2019\Community\VC\Tools\MSVC\14.23.28105\include\xmemory(1743): message :             _Alloc=std::allocator<Vector4D>
C:\Program Files (x86)\Microsoft Visual Studio\2019\Community\VC\Tools\MSVC\14.23.28105\include\xmemory(1743): message :         ]
C:\Program Files (x86)\Microsoft Visual Studio\2019\Community\VC\Tools\MSVC\14.23.28105\include\xmemory(1743): message : see reference to function template instantiation 'void std::_Uninitialized_backout_al<_Alloc>::_Emplace_back<Vector4D>(Vector4D &&)' being compiled
C:\Program Files (x86)\Microsoft Visual Studio\2019\Community\VC\Tools\MSVC\14.23.28105\include\xmemory(1743): message :         with
C:\Program Files (x86)\Microsoft Visual Studio\2019\Community\VC\Tools\MSVC\14.23.28105\include\xmemory(1743): message :         [
C:\Program Files (x86)\Microsoft Visual Studio\2019\Community\VC\Tools\MSVC\14.23.28105\include\xmemory(1743): message :             _Alloc=std::allocator<Vector4D>
C:\Program Files (x86)\Microsoft Visual Studio\2019\Community\VC\Tools\MSVC\14.23.28105\include\xmemory(1743): message :         ]
C:\Program Files (x86)\Microsoft Visual Studio\2019\Community\VC\Tools\MSVC\14.23.28105\include\vector(1553): message : see reference to function template instantiation 'Vector4D *std::_Uninitialized_move<Vector4D*,std::allocator<_Ty>>(const _InIt,const _InIt,Vector4D *,_Alloc &)' being compiled
C:\Program Files (x86)\Microsoft Visual Studio\2019\Community\VC\Tools\MSVC\14.23.28105\include\vector(1553): message :         with
C:\Program Files (x86)\Microsoft Visual Studio\2019\Community\VC\Tools\MSVC\14.23.28105\include\vector(1553): message :         [
C:\Program Files (x86)\Microsoft Visual Studio\2019\Community\VC\Tools\MSVC\14.23.28105\include\vector(1553): message :             _Ty=Vector4D,
C:\Program Files (x86)\Microsoft Visual Studio\2019\Community\VC\Tools\MSVC\14.23.28105\include\vector(1553): message :             _InIt=Vector4D *,
C:\Program Files (x86)\Microsoft Visual Studio\2019\Community\VC\Tools\MSVC\14.23.28105\include\vector(1553): message :             _Alloc=std::allocator<Vector4D>
C:\Program Files (x86)\Microsoft Visual Studio\2019\Community\VC\Tools\MSVC\14.23.28105\include\vector(1553): message :         ]
C:\Program Files (x86)\Microsoft Visual Studio\2019\Community\VC\Tools\MSVC\14.23.28105\include\vector(1551): message : while compiling class template member function 'void std::vector<Vector4D,std::allocator<_Ty>>::_Umove_if_noexcept1(Vector4D *,Vector4D *,Vector4D *,std::true_type)'
C:\Program Files (x86)\Microsoft Visual Studio\2019\Community\VC\Tools\MSVC\14.23.28105\include\vector(1551): message :         with
C:\Program Files (x86)\Microsoft Visual Studio\2019\Community\VC\Tools\MSVC\14.23.28105\include\vector(1551): message :         [
C:\Program Files (x86)\Microsoft Visual Studio\2019\Community\VC\Tools\MSVC\14.23.28105\include\vector(1551): message :             _Ty=Vector4D
C:\Program Files (x86)\Microsoft Visual Studio\2019\Community\VC\Tools\MSVC\14.23.28105\include\vector(1551): message :         ]
C:\Program Files (x86)\Microsoft Visual Studio\2019\Community\VC\Tools\MSVC\14.23.28105\include\vector(1563): message : see reference to function template instantiation 'void std::vector<Vector4D,std::allocator<_Ty>>::_Umove_if_noexcept1(Vector4D *,Vector4D *,Vector4D *,std::true_type)' being compiled
C:\Program Files (x86)\Microsoft Visual Studio\2019\Community\VC\Tools\MSVC\14.23.28105\include\vector(1563): message :         with
C:\Program Files (x86)\Microsoft Visual Studio\2019\Community\VC\Tools\MSVC\14.23.28105\include\vector(1563): message :         [
C:\Program Files (x86)\Microsoft Visual Studio\2019\Community\VC\Tools\MSVC\14.23.28105\include\vector(1563): message :             _Ty=Vector4D
C:\Program Files (x86)\Microsoft Visual Studio\2019\Community\VC\Tools\MSVC\14.23.28105\include\vector(1563): message :         ]
  Matrix4x4.cpp
C:\Users\nikol\Desktop\Racunarska grafika\vezbanje\Vector4D\Vector4D\Main.cpp(12): message : see reference to class template instantiation 'std::vector<Vector4D,std::allocator<_Ty>>' being compiled
C:\Users\nikol\Desktop\Racunarska grafika\vezbanje\Vector4D\Vector4D\Main.cpp(12): message :         with
C:\Users\nikol\Desktop\Racunarska grafika\vezbanje\Vector4D\Vector4D\Main.cpp(12): message :         [
C:\Users\nikol\Desktop\Racunarska grafika\vezbanje\Vector4D\Vector4D\Main.cpp(12): message :             _Ty=Vector4D
C:\Users\nikol\Desktop\Racunarska grafika\vezbanje\Vector4D\Vector4D\Main.cpp(12): message :         ]
C:\Users\nikol\Desktop\Racunarska grafika\vezbanje\Vector4D\Vector4D\Matrix4x4.h(9,1): warning C4005: 'EPSILON': macro redefinition
  Vector4D.cpp
  Generating Code...
C:\Users\nikol\Desktop\Racunarska grafika\vezbanje\Vector4D\Vector4D\Vector4D.h(8): message : see previous definition of 'EPSILON'
