  Main.cpp
C:\Users\nikol\Desktop\Racunarska grafika\vezbanje\Gears\Gears\Main.cpp(41,20): warning C4018: '<': signed/unsigned mismatch
C:\Users\nikol\Desktop\Racunarska grafika\vezbanje\Gears\Gears\Main.cpp(46,20): warning C4018: '<': signed/unsigned mismatch
C:\Users\nikol\Desktop\Racunarska grafika\vezbanje\Gears\Gears\Main.cpp(52,20): warning C4018: '<': signed/unsigned mismatch
C:\Users\nikol\Desktop\Racunarska grafika\vezbanje\Gears\Gears\Main.cpp(53,49): warning C4244: 'argument': conversion from 'double' to 'GLfloat', possible loss of data
C:\Users\nikol\Desktop\Racunarska grafika\vezbanje\Gears\Gears\Main.cpp(53,36): warning C4244: 'argument': conversion from 'double' to 'GLfloat', possible loss of data
C:\Users\nikol\Desktop\Racunarska grafika\vezbanje\Gears\Gears\Main.cpp(53,23): warning C4244: 'argument': conversion from 'double' to 'GLfloat', possible loss of data
C:\Users\nikol\Desktop\Racunarska grafika\vezbanje\Gears\Gears\Main.cpp(89,30): warning C4244: 'argument': conversion from 'double' to 'GLfloat', possible loss of data
C:\Users\nikol\Desktop\Racunarska grafika\vezbanje\Gears\Gears\Main.cpp(89,23): warning C4244: 'argument': conversion from 'double' to 'GLfloat', possible loss of data
C:\Users\nikol\Desktop\Racunarska grafika\vezbanje\Gears\Gears\Main.cpp(89,16): warning C4244: 'argument': conversion from 'double' to 'GLfloat', possible loss of data
C:\Users\nikol\Desktop\Racunarska grafika\vezbanje\Gears\Gears\Main.cpp(93,40): warning C4244: 'argument': conversion from 'double' to 'GLfloat', possible loss of data
C:\Users\nikol\Desktop\Racunarska grafika\vezbanje\Gears\Gears\Main.cpp(93,26): warning C4244: 'argument': conversion from 'double' to 'GLfloat', possible loss of data
C:\Users\nikol\Desktop\Racunarska grafika\vezbanje\Gears\Gears\Main.cpp(93,16): warning C4244: 'argument': conversion from 'double' to 'GLfloat', possible loss of data
C:\Users\nikol\Desktop\Racunarska grafika\vezbanje\Gears\Gears\Main.cpp(128,20): warning C4018: '<': signed/unsigned mismatch
C:\Users\nikol\Desktop\Racunarska grafika\vezbanje\Gears\Gears\Main.cpp(136,20): warning C4018: '<': signed/unsigned mismatch
C:\Users\nikol\Desktop\Racunarska grafika\vezbanje\Gears\Gears\Main.cpp(141,20): warning C4018: '<': signed/unsigned mismatch
C:\Users\nikol\Desktop\Racunarska grafika\vezbanje\Gears\Gears\Main.cpp(152,20): warning C4018: '<': signed/unsigned mismatch
C:\Users\nikol\Desktop\Racunarska grafika\vezbanje\Gears\Gears\Main.cpp(161,20): warning C4018: '<': signed/unsigned mismatch
C:\Users\nikol\Desktop\Racunarska grafika\vezbanje\Gears\Gears\Main.cpp(201,18): warning C4244: 'argument': conversion from 'double' to 'GLfloat', possible loss of data
C:\Users\nikol\Desktop\Racunarska grafika\vezbanje\Gears\Gears\Main.cpp(201,15): warning C4244: 'argument': conversion from 'double' to 'GLfloat', possible loss of data
C:\Users\nikol\Desktop\Racunarska grafika\vezbanje\Gears\Gears\Main.cpp(201,12): warning C4244: 'argument': conversion from 'double' to 'GLfloat', possible loss of data
C:\Users\nikol\Desktop\Racunarska grafika\vezbanje\Gears\Gears\Main.cpp(205,19): warning C4244: 'argument': conversion from 'double' to 'GLfloat', possible loss of data
C:\Users\nikol\Desktop\Racunarska grafika\vezbanje\Gears\Gears\Main.cpp(205,16): warning C4244: 'argument': conversion from 'double' to 'GLfloat', possible loss of data
C:\Users\nikol\Desktop\Racunarska grafika\vezbanje\Gears\Gears\Main.cpp(218,25): warning C4305: 'argument': truncation from 'double' to 'GLfloat'
C:\Users\nikol\Desktop\Racunarska grafika\vezbanje\Gears\Gears\Main.cpp(255,21): warning C4244: '=': conversion from 'double' to 'int', possible loss of data
C:\Users\nikol\Desktop\Racunarska grafika\vezbanje\Gears\Gears\Main.cpp(419,35): warning C4244: 'argument': conversion from 'double' to 'int', possible loss of data
  Matrix3x3.cpp
  Matrix4x4.cpp
  Vector2D.cpp
  Vector3D.cpp
  Vector4D.cpp
  Generating Code...
  Gears.vcxproj -> C:\Users\nikol\Desktop\Racunarska grafika\vezbanje\Gears\Debug\Gears.exe
