  Main.cpp
C:\Users\nikol\Desktop\Racunarska grafika\vezbanje\Torus\Torus\Vector4D.h(67,1): warning C4521: 'Vector4D': multiple copy constructors specified
C:\Users\nikol\Desktop\Racunarska grafika\vezbanje\Torus\Torus\Matrix4x4.h(9,1): warning C4005: 'EPSILON': macro redefinition
C:\Users\nikol\Desktop\Racunarska grafika\vezbanje\Torus\Torus\Vector4D.h(8): message : see previous definition of 'EPSILON'
C:\Users\nikol\Desktop\Racunarska grafika\vezbanje\Torus\Torus\Matrix4x4.h(126,1): warning C4521: 'Matrix4x4': multiple copy constructors specified
C:\Users\nikol\Desktop\Racunarska grafika\vezbanje\Torus\Torus\Main.cpp(9,26): warning C4305: 'initializing': truncation from 'double' to 'float'
C:\Users\nikol\Desktop\Racunarska grafika\vezbanje\Torus\Torus\Main.cpp(79,49): warning C4244: 'argument': conversion from 'double' to 'GLfloat', possible loss of data
C:\Users\nikol\Desktop\Racunarska grafika\vezbanje\Torus\Torus\Main.cpp(79,36): warning C4244: 'argument': conversion from 'double' to 'GLfloat', possible loss of data
C:\Users\nikol\Desktop\Racunarska grafika\vezbanje\Torus\Torus\Main.cpp(79,23): warning C4244: 'argument': conversion from 'double' to 'GLfloat', possible loss of data
C:\Users\nikol\Desktop\Racunarska grafika\vezbanje\Torus\Torus\Main.cpp(98,56): warning C4244: 'argument': conversion from 'double' to 'GLfloat', possible loss of data
C:\Users\nikol\Desktop\Racunarska grafika\vezbanje\Torus\Torus\Main.cpp(98,41): warning C4244: 'argument': conversion from 'double' to 'GLfloat', possible loss of data
C:\Users\nikol\Desktop\Racunarska grafika\vezbanje\Torus\Torus\Main.cpp(98,26): warning C4244: 'argument': conversion from 'double' to 'GLfloat', possible loss of data
C:\Users\nikol\Desktop\Racunarska grafika\vezbanje\Torus\Torus\Main.cpp(115,55): warning C4244: 'argument': conversion from 'double' to 'GLfloat', possible loss of data
C:\Users\nikol\Desktop\Racunarska grafika\vezbanje\Torus\Torus\Main.cpp(115,40): warning C4244: 'argument': conversion from 'double' to 'GLfloat', possible loss of data
C:\Users\nikol\Desktop\Racunarska grafika\vezbanje\Torus\Torus\Main.cpp(115,25): warning C4244: 'argument': conversion from 'double' to 'GLfloat', possible loss of data
C:\Users\nikol\Desktop\Racunarska grafika\vezbanje\Torus\Torus\Main.cpp(120,55): warning C4244: 'argument': conversion from 'double' to 'GLfloat', possible loss of data
C:\Users\nikol\Desktop\Racunarska grafika\vezbanje\Torus\Torus\Main.cpp(120,40): warning C4244: 'argument': conversion from 'double' to 'GLfloat', possible loss of data
C:\Users\nikol\Desktop\Racunarska grafika\vezbanje\Torus\Torus\Main.cpp(120,25): warning C4244: 'argument': conversion from 'double' to 'GLfloat', possible loss of data
C:\Users\nikol\Desktop\Racunarska grafika\vezbanje\Torus\Torus\Main.cpp(121,67): warning C4244: 'argument': conversion from 'double' to 'GLfloat', possible loss of data
C:\Users\nikol\Desktop\Racunarska grafika\vezbanje\Torus\Torus\Main.cpp(121,48): warning C4244: 'argument': conversion from 'double' to 'GLfloat', possible loss of data
C:\Users\nikol\Desktop\Racunarska grafika\vezbanje\Torus\Torus\Main.cpp(121,29): warning C4244: 'argument': conversion from 'double' to 'GLfloat', possible loss of data
C:\Users\nikol\Desktop\Racunarska grafika\vezbanje\Torus\Torus\Main.cpp(122,55): warning C4244: 'argument': conversion from 'double' to 'GLfloat', possible loss of data
C:\Users\nikol\Desktop\Racunarska grafika\vezbanje\Torus\Torus\Main.cpp(122,40): warning C4244: 'argument': conversion from 'double' to 'GLfloat', possible loss of data
C:\Users\nikol\Desktop\Racunarska grafika\vezbanje\Torus\Torus\Main.cpp(122,25): warning C4244: 'argument': conversion from 'double' to 'GLfloat', possible loss of data
C:\Users\nikol\Desktop\Racunarska grafika\vezbanje\Torus\Torus\Main.cpp(127,54): warning C4244: 'argument': conversion from 'double' to 'GLfloat', possible loss of data
C:\Users\nikol\Desktop\Racunarska grafika\vezbanje\Torus\Torus\Main.cpp(127,39): warning C4244: 'argument': conversion from 'double' to 'GLfloat', possible loss of data
C:\Users\nikol\Desktop\Racunarska grafika\vezbanje\Torus\Torus\Main.cpp(127,24): warning C4244: 'argument': conversion from 'double' to 'GLfloat', possible loss of data
C:\Users\nikol\Desktop\Racunarska grafika\vezbanje\Torus\Torus\Main.cpp(128,54): warning C4244: 'argument': conversion from 'double' to 'GLfloat', possible loss of data
C:\Users\nikol\Desktop\Racunarska grafika\vezbanje\Torus\Torus\Main.cpp(128,39): warning C4244: 'argument': conversion from 'double' to 'GLfloat', possible loss of data
C:\Users\nikol\Desktop\Racunarska grafika\vezbanje\Torus\Torus\Main.cpp(128,24): warning C4244: 'argument': conversion from 'double' to 'GLfloat', possible loss of data
C:\Users\nikol\Desktop\Racunarska grafika\vezbanje\Torus\Torus\Main.cpp(129,54): warning C4244: 'argument': conversion from 'double' to 'GLfloat', possible loss of data
C:\Users\nikol\Desktop\Racunarska grafika\vezbanje\Torus\Torus\Main.cpp(129,39): warning C4244: 'argument': conversion from 'double' to 'GLfloat', possible loss of data
C:\Users\nikol\Desktop\Racunarska grafika\vezbanje\Torus\Torus\Main.cpp(129,24): warning C4244: 'argument': conversion from 'double' to 'GLfloat', possible loss of data
C:\Users\nikol\Desktop\Racunarska grafika\vezbanje\Torus\Torus\Main.cpp(195,46): warning C4244: 'argument': conversion from 'double' to 'int', possible loss of data
C:\Users\nikol\Desktop\Racunarska grafika\vezbanje\Torus\Torus\Main.cpp(195,29): warning C4244: 'argument': conversion from 'double' to 'int', possible loss of data
  Torus.vcxproj -> C:\Users\nikol\Desktop\Racunarska grafika\vezbanje\Torus\Debug\Torus.exe
