  Main.cpp
C:\Users\nikol\Desktop\Racunarska grafika\vezbanje\Vezbe10a\Vezbe10a\Main.cpp(48,20): warning C4018: '<': signed/unsigned mismatch
C:\Users\nikol\Desktop\Racunarska grafika\vezbanje\Vezbe10a\Vezbe10a\Main.cpp(53,20): warning C4018: '<': signed/unsigned mismatch
C:\Users\nikol\Desktop\Racunarska grafika\vezbanje\Vezbe10a\Vezbe10a\Main.cpp(59,20): warning C4018: '<': signed/unsigned mismatch
C:\Users\nikol\Desktop\Racunarska grafika\vezbanje\Vezbe10a\Vezbe10a\Main.cpp(60,49): warning C4244: 'argument': conversion from 'double' to 'GLfloat', possible loss of data
C:\Users\nikol\Desktop\Racunarska grafika\vezbanje\Vezbe10a\Vezbe10a\Main.cpp(60,36): warning C4244: 'argument': conversion from 'double' to 'GLfloat', possible loss of data
C:\Users\nikol\Desktop\Racunarska grafika\vezbanje\Vezbe10a\Vezbe10a\Main.cpp(60,23): warning C4244: 'argument': conversion from 'double' to 'GLfloat', possible loss of data
C:\Users\nikol\Desktop\Racunarska grafika\vezbanje\Vezbe10a\Vezbe10a\Main.cpp(73,30): warning C4244: 'argument': conversion from 'double' to 'GLfloat', possible loss of data
C:\Users\nikol\Desktop\Racunarska grafika\vezbanje\Vezbe10a\Vezbe10a\Main.cpp(73,23): warning C4244: 'argument': conversion from 'double' to 'GLfloat', possible loss of data
C:\Users\nikol\Desktop\Racunarska grafika\vezbanje\Vezbe10a\Vezbe10a\Main.cpp(73,16): warning C4244: 'argument': conversion from 'double' to 'GLfloat', possible loss of data
C:\Users\nikol\Desktop\Racunarska grafika\vezbanje\Vezbe10a\Vezbe10a\Main.cpp(77,40): warning C4244: 'argument': conversion from 'double' to 'GLfloat', possible loss of data
C:\Users\nikol\Desktop\Racunarska grafika\vezbanje\Vezbe10a\Vezbe10a\Main.cpp(77,26): warning C4244: 'argument': conversion from 'double' to 'GLfloat', possible loss of data
C:\Users\nikol\Desktop\Racunarska grafika\vezbanje\Vezbe10a\Vezbe10a\Main.cpp(77,16): warning C4244: 'argument': conversion from 'double' to 'GLfloat', possible loss of data
C:\Users\nikol\Desktop\Racunarska grafika\vezbanje\Vezbe10a\Vezbe10a\Main.cpp(106,25): warning C4305: 'argument': truncation from 'double' to 'GLfloat'
C:\Users\nikol\Desktop\Racunarska grafika\vezbanje\Vezbe10a\Vezbe10a\Main.cpp(123,18): warning C4244: 'argument': conversion from 'double' to 'GLfloat', possible loss of data
C:\Users\nikol\Desktop\Racunarska grafika\vezbanje\Vezbe10a\Vezbe10a\Main.cpp(123,15): warning C4244: 'argument': conversion from 'double' to 'GLfloat', possible loss of data
C:\Users\nikol\Desktop\Racunarska grafika\vezbanje\Vezbe10a\Vezbe10a\Main.cpp(123,12): warning C4244: 'argument': conversion from 'double' to 'GLfloat', possible loss of data
C:\Users\nikol\Desktop\Racunarska grafika\vezbanje\Vezbe10a\Vezbe10a\Main.cpp(127,19): warning C4244: 'argument': conversion from 'double' to 'GLfloat', possible loss of data
C:\Users\nikol\Desktop\Racunarska grafika\vezbanje\Vezbe10a\Vezbe10a\Main.cpp(127,16): warning C4244: 'argument': conversion from 'double' to 'GLfloat', possible loss of data
C:\Users\nikol\Desktop\Racunarska grafika\vezbanje\Vezbe10a\Vezbe10a\Main.cpp(133,20): warning C4018: '<': signed/unsigned mismatch
C:\Users\nikol\Desktop\Racunarska grafika\vezbanje\Vezbe10a\Vezbe10a\Main.cpp(154,20): warning C4018: '<=': signed/unsigned mismatch
C:\Users\nikol\Desktop\Racunarska grafika\vezbanje\Vezbe10a\Vezbe10a\Main.cpp(170,20): warning C4018: '<': signed/unsigned mismatch
C:\Users\nikol\Desktop\Racunarska grafika\vezbanje\Vezbe10a\Vezbe10a\Main.cpp(196,21): warning C4244: 'argument': conversion from 'double' to 'const unsigned int', possible loss of data
C:\Users\nikol\Desktop\Racunarska grafika\vezbanje\Vezbe10a\Vezbe10a\Main.cpp(244,26): warning C4244: 'argument': conversion from 'double' to 'GLfloat', possible loss of data
C:\Users\nikol\Desktop\Racunarska grafika\vezbanje\Vezbe10a\Vezbe10a\Main.cpp(244,19): warning C4244: 'argument': conversion from 'double' to 'GLfloat', possible loss of data
C:\Users\nikol\Desktop\Racunarska grafika\vezbanje\Vezbe10a\Vezbe10a\Main.cpp(252,26): warning C4244: 'argument': conversion from 'double' to 'GLfloat', possible loss of data
C:\Users\nikol\Desktop\Racunarska grafika\vezbanje\Vezbe10a\Vezbe10a\Main.cpp(252,19): warning C4244: 'argument': conversion from 'double' to 'GLfloat', possible loss of data
C:\Users\nikol\Desktop\Racunarska grafika\vezbanje\Vezbe10a\Vezbe10a\Main.cpp(258,20): warning C4018: '<': signed/unsigned mismatch
C:\Users\nikol\Desktop\Racunarska grafika\vezbanje\Vezbe10a\Vezbe10a\Main.cpp(259,17): warning C4244: 'argument': conversion from 'double' to 'const unsigned int', possible loss of data
C:\Users\nikol\Desktop\Racunarska grafika\vezbanje\Vezbe10a\Vezbe10a\Main.cpp(262,20): warning C4018: '<': signed/unsigned mismatch
C:\Users\nikol\Desktop\Racunarska grafika\vezbanje\Vezbe10a\Vezbe10a\Main.cpp(269,25): warning C4305: 'argument': truncation from 'double' to 'GLfloat'
C:\Users\nikol\Desktop\Racunarska grafika\vezbanje\Vezbe10a\Vezbe10a\Main.cpp(270,20): warning C4018: '<': signed/unsigned mismatch
C:\Users\nikol\Desktop\Racunarska grafika\vezbanje\Vezbe10a\Vezbe10a\Main.cpp(284,25): warning C4305: 'argument': truncation from 'double' to 'GLfloat'
C:\Users\nikol\Desktop\Racunarska grafika\vezbanje\Vezbe10a\Vezbe10a\Main.cpp(286,20): warning C4018: '<': signed/unsigned mismatch
C:\Users\nikol\Desktop\Racunarska grafika\vezbanje\Vezbe10a\Vezbe10a\Main.cpp(294,37): warning C4244: 'argument': conversion from 'double' to 'GLfloat', possible loss of data
C:\Users\nikol\Desktop\Racunarska grafika\vezbanje\Vezbe10a\Vezbe10a\Main.cpp(294,23): warning C4244: 'argument': conversion from 'double' to 'GLfloat', possible loss of data
C:\Users\nikol\Desktop\Racunarska grafika\vezbanje\Vezbe10a\Vezbe10a\Main.cpp(342,21): warning C4244: '=': conversion from 'double' to 'int', possible loss of data
C:\Users\nikol\Desktop\Racunarska grafika\vezbanje\Vezbe10a\Vezbe10a\Main.cpp(522,35): warning C4244: 'argument': conversion from 'double' to 'int', possible loss of data
  Vezbe10a.vcxproj -> C:\Users\nikol\Desktop\Racunarska grafika\vezbanje\Vezbe10a\Debug\Vezbe10a.exe
