  Main.cpp
C:\Users\nikol\Desktop\Racunarska grafika\vezbanje\PlaneSimulation\PlaneSimulation\Main.cpp(41,20): warning C4018: '<': signed/unsigned mismatch
C:\Users\nikol\Desktop\Racunarska grafika\vezbanje\PlaneSimulation\PlaneSimulation\Main.cpp(46,20): warning C4018: '<': signed/unsigned mismatch
C:\Users\nikol\Desktop\Racunarska grafika\vezbanje\PlaneSimulation\PlaneSimulation\Main.cpp(52,20): warning C4018: '<': signed/unsigned mismatch
C:\Users\nikol\Desktop\Racunarska grafika\vezbanje\PlaneSimulation\PlaneSimulation\Main.cpp(53,49): warning C4244: 'argument': conversion from 'double' to 'GLfloat', possible loss of data
C:\Users\nikol\Desktop\Racunarska grafika\vezbanje\PlaneSimulation\PlaneSimulation\Main.cpp(53,36): warning C4244: 'argument': conversion from 'double' to 'GLfloat', possible loss of data
C:\Users\nikol\Desktop\Racunarska grafika\vezbanje\PlaneSimulation\PlaneSimulation\Main.cpp(53,23): warning C4244: 'argument': conversion from 'double' to 'GLfloat', possible loss of data
C:\Users\nikol\Desktop\Racunarska grafika\vezbanje\PlaneSimulation\PlaneSimulation\Main.cpp(66,30): warning C4244: 'argument': conversion from 'double' to 'GLfloat', possible loss of data
C:\Users\nikol\Desktop\Racunarska grafika\vezbanje\PlaneSimulation\PlaneSimulation\Main.cpp(66,23): warning C4244: 'argument': conversion from 'double' to 'GLfloat', possible loss of data
C:\Users\nikol\Desktop\Racunarska grafika\vezbanje\PlaneSimulation\PlaneSimulation\Main.cpp(66,16): warning C4244: 'argument': conversion from 'double' to 'GLfloat', possible loss of data
C:\Users\nikol\Desktop\Racunarska grafika\vezbanje\PlaneSimulation\PlaneSimulation\Main.cpp(70,40): warning C4244: 'argument': conversion from 'double' to 'GLfloat', possible loss of data
C:\Users\nikol\Desktop\Racunarska grafika\vezbanje\PlaneSimulation\PlaneSimulation\Main.cpp(70,26): warning C4244: 'argument': conversion from 'double' to 'GLfloat', possible loss of data
C:\Users\nikol\Desktop\Racunarska grafika\vezbanje\PlaneSimulation\PlaneSimulation\Main.cpp(70,16): warning C4244: 'argument': conversion from 'double' to 'GLfloat', possible loss of data
C:\Users\nikol\Desktop\Racunarska grafika\vezbanje\PlaneSimulation\PlaneSimulation\Main.cpp(105,20): warning C4018: '<': signed/unsigned mismatch
C:\Users\nikol\Desktop\Racunarska grafika\vezbanje\PlaneSimulation\PlaneSimulation\Main.cpp(113,20): warning C4018: '<': signed/unsigned mismatch
C:\Users\nikol\Desktop\Racunarska grafika\vezbanje\PlaneSimulation\PlaneSimulation\Main.cpp(118,20): warning C4018: '<': signed/unsigned mismatch
C:\Users\nikol\Desktop\Racunarska grafika\vezbanje\PlaneSimulation\PlaneSimulation\Main.cpp(129,20): warning C4018: '<': signed/unsigned mismatch
C:\Users\nikol\Desktop\Racunarska grafika\vezbanje\PlaneSimulation\PlaneSimulation\Main.cpp(138,20): warning C4018: '<': signed/unsigned mismatch
C:\Users\nikol\Desktop\Racunarska grafika\vezbanje\PlaneSimulation\PlaneSimulation\Main.cpp(178,18): warning C4244: 'argument': conversion from 'double' to 'GLfloat', possible loss of data
C:\Users\nikol\Desktop\Racunarska grafika\vezbanje\PlaneSimulation\PlaneSimulation\Main.cpp(178,15): warning C4244: 'argument': conversion from 'double' to 'GLfloat', possible loss of data
C:\Users\nikol\Desktop\Racunarska grafika\vezbanje\PlaneSimulation\PlaneSimulation\Main.cpp(178,12): warning C4244: 'argument': conversion from 'double' to 'GLfloat', possible loss of data
C:\Users\nikol\Desktop\Racunarska grafika\vezbanje\PlaneSimulation\PlaneSimulation\Main.cpp(182,19): warning C4244: 'argument': conversion from 'double' to 'GLfloat', possible loss of data
C:\Users\nikol\Desktop\Racunarska grafika\vezbanje\PlaneSimulation\PlaneSimulation\Main.cpp(182,16): warning C4244: 'argument': conversion from 'double' to 'GLfloat', possible loss of data
C:\Users\nikol\Desktop\Racunarska grafika\vezbanje\PlaneSimulation\PlaneSimulation\Main.cpp(195,25): warning C4305: 'argument': truncation from 'double' to 'GLfloat'
C:\Users\nikol\Desktop\Racunarska grafika\vezbanje\PlaneSimulation\PlaneSimulation\Main.cpp(232,21): warning C4244: '=': conversion from 'double' to 'int', possible loss of data
  Matrix3x3.cpp
  Matrix4x4.cpp
  Vector2D.cpp
  Vector3D.cpp
  Vector4D.cpp
  Generating Code...
C:\Users\nikol\Desktop\Racunarska grafika\vezbanje\PlaneSimulation\PlaneSimulation\Main.cpp(396,35): warning C4244: 'argument': conversion from 'double' to 'int', possible loss of data
  PlaneSimulation.vcxproj -> C:\Users\nikol\Desktop\Racunarska grafika\vezbanje\PlaneSimulation\Debug\PlaneSimulation.exe
